<?xml version="1.0" encoding="UTF-8"?>
<testng-results ignored="0" total="1" passed="1" failed="0" skipped="0">
  <reporter-output>
  </reporter-output>
  <suite started-at="2022-03-10T01:37:07 COT" name="Default suite" finished-at="2022-03-10T01:42:00 COT" duration-ms="293097">
    <groups>
    </groups>
    <test started-at="2022-03-10T01:37:07 COT" name="Default test" finished-at="2022-03-10T01:42:00 COT" duration-ms="293097">
      <class name="scrape.Datascraper">
        <test-method is-config="true" signature="setup()[pri:0, instance:scrape.Datascraper@2f217633]" started-at="2022-03-10T01:37:07 COT" name="setup" finished-at="2022-03-10T01:37:15 COT" duration-ms="7393" status="PASS">
          <reporter-output>
          </reporter-output>
        </test-method> <!-- setup -->
        <test-method signature="getData()[pri:0, instance:scrape.Datascraper@2f217633]" started-at="2022-03-10T01:37:15 COT" name="getData" finished-at="2022-03-10T01:42:00 COT" duration-ms="285649" status="PASS">
          <reporter-output>
          </reporter-output>
        </test-method> <!-- getData -->
      </class> <!-- scrape.Datascraper -->
    </test> <!-- Default test -->
  </suite> <!-- Default suite -->
</testng-results>
